<?xml version="1.0" encoding="UTF-8"?>
<coverage generated="1734354307300" clover="3.2.0">
  <project timestamp="1734354307301" name="All files">
    <metrics statements="132" coveredstatements="116" conditionals="65" coveredconditionals="49" methods="33" coveredmethods="29" elements="230" coveredelements="194" complexity="0" loc="132" ncloc="132" packages="1" files="3" classes="3"/>
    <file name="database.js" path="C:\laragon\www\javascript-courses-quality-and-test-main\database.js">
      <metrics statements="33" coveredstatements="17" conditionals="26" coveredconditionals="10" methods="10" coveredmethods="6"/>
      <line num="1" count="1" type="stmt"/>
      <line num="2" count="1" type="stmt"/>
      <line num="4" count="1" type="stmt"/>
      <line num="6" count="1" type="stmt"/>
      <line num="9" count="1" type="cond" truecount="1" falsecount="1"/>
      <line num="10" count="0" type="stmt"/>
      <line num="12" count="1" type="cond" truecount="1" falsecount="1"/>
      <line num="13" count="0" type="stmt"/>
      <line num="16" count="0" type="cond" truecount="0" falsecount="2"/>
      <line num="17" count="0" type="stmt"/>
      <line num="23" count="1" type="stmt"/>
      <line num="24" count="1" type="cond" truecount="1" falsecount="1"/>
      <line num="25" count="0" type="stmt"/>
      <line num="27" count="4" type="cond" truecount="2" falsecount="0"/>
      <line num="28" count="1" type="cond" truecount="1" falsecount="1"/>
      <line num="29" count="0" type="stmt"/>
      <line num="30" count="0" type="cond" truecount="0" falsecount="2"/>
      <line num="31" count="0" type="stmt"/>
      <line num="43" count="1" type="stmt"/>
      <line num="46" count="1" type="cond" truecount="1" falsecount="1"/>
      <line num="47" count="0" type="stmt"/>
      <line num="49" count="1" type="cond" truecount="1" falsecount="1"/>
      <line num="50" count="0" type="stmt"/>
      <line num="53" count="0" type="cond" truecount="0" falsecount="2"/>
      <line num="54" count="0" type="stmt"/>
      <line num="64" count="1" type="stmt"/>
      <line num="67" count="1" type="cond" truecount="1" falsecount="1"/>
      <line num="68" count="0" type="stmt"/>
      <line num="70" count="1" type="cond" truecount="1" falsecount="1"/>
      <line num="71" count="0" type="stmt"/>
      <line num="74" count="0" type="cond" truecount="0" falsecount="2"/>
      <line num="75" count="0" type="stmt"/>
      <line num="85" count="1" type="stmt"/>
    </file>
    <file name="game.js" path="C:\laragon\www\javascript-courses-quality-and-test-main\game.js">
      <metrics statements="94" coveredstatements="94" conditionals="37" coveredconditionals="37" methods="21" coveredmethods="21"/>
      <line num="1" count="1" type="stmt"/>
      <line num="2" count="1" type="stmt"/>
      <line num="3" count="1" type="stmt"/>
      <line num="4" count="1" type="stmt"/>
      <line num="5" count="1" type="stmt"/>
      <line num="6" count="1" type="stmt"/>
      <line num="10" count="31" type="stmt"/>
      <line num="11" count="31" type="stmt"/>
      <line num="12" count="31" type="stmt"/>
      <line num="13" count="31" type="stmt"/>
      <line num="14" count="31" type="stmt"/>
      <line num="15" count="31" type="stmt"/>
      <line num="16" count="31" type="stmt"/>
      <line num="17" count="31" type="stmt"/>
      <line num="18" count="31" type="stmt"/>
      <line num="23" count="23" type="stmt"/>
      <line num="26" count="23" type="cond" truecount="4" falsecount="0"/>
      <line num="27" count="1" type="stmt"/>
      <line num="31" count="22" type="stmt"/>
      <line num="32" count="20" type="stmt"/>
      <line num="36" count="22" type="stmt"/>
      <line num="37" count="22" type="stmt"/>
      <line num="40" count="1734766" type="stmt"/>
      <line num="43" count="22" type="stmt"/>
      <line num="45" count="22" type="stmt"/>
      <line num="52" count="34" type="stmt"/>
      <line num="53" count="34" type="stmt"/>
      <line num="54" count="34" type="stmt"/>
      <line num="58" count="34" type="cond" truecount="2" falsecount="0"/>
      <line num="59" count="3" type="stmt"/>
      <line num="61" count="31" type="cond" truecount="2" falsecount="0"/>
      <line num="62" count="1" type="stmt"/>
      <line num="63" count="1" type="stmt"/>
      <line num="64" count="1" type="stmt"/>
      <line num="66" count="30" type="cond" truecount="2" falsecount="0"/>
      <line num="67" count="28" type="stmt"/>
      <line num="69" count="28" type="cond" truecount="2" falsecount="0"/>
      <line num="70" count="3" type="stmt"/>
      <line num="76" count="25" type="stmt"/>
      <line num="77" count="25" type="stmt"/>
      <line num="81" count="25" type="cond" truecount="2" falsecount="0"/>
      <line num="82" count="1" type="stmt"/>
      <line num="84" count="24" type="stmt"/>
      <line num="88" count="2" type="stmt"/>
      <line num="97" count="22" type="stmt"/>
      <line num="98" count="22" type="stmt"/>
      <line num="99" count="25" type="stmt"/>
      <line num="104" count="39" type="cond" truecount="2" falsecount="0"/>
      <line num="105" count="27" type="stmt"/>
      <line num="110" count="37" type="stmt"/>
      <line num="111" count="37" type="stmt"/>
      <line num="112" count="37" type="cond" truecount="2" falsecount="0"/>
      <line num="113" count="1" type="stmt"/>
      <line num="115" count="36" type="cond" truecount="2" falsecount="0"/>
      <line num="116" count="3" type="stmt"/>
      <line num="119" count="33" type="cond" truecount="2" falsecount="0"/>
      <line num="120" count="1" type="stmt"/>
      <line num="124" count="32" type="stmt"/>
      <line num="125" count="32" type="stmt"/>
      <line num="127" count="32" type="cond" truecount="2" falsecount="0"/>
      <line num="128" count="15" type="stmt"/>
      <line num="129" count="15" type="stmt"/>
      <line num="130" count="75" type="cond" truecount="2" falsecount="0"/>
      <line num="132" count="35" type="stmt"/>
      <line num="138" count="15" type="cond" truecount="2" falsecount="0"/>
      <line num="139" count="2" type="stmt"/>
      <line num="140" count="2" type="stmt"/>
      <line num="142" count="15" type="stmt"/>
      <line num="143" count="15" type="stmt"/>
      <line num="145" count="17" type="stmt"/>
      <line num="146" count="17" type="stmt"/>
      <line num="147" count="17" type="cond" truecount="2" falsecount="0"/>
      <line num="148" count="3" type="stmt"/>
      <line num="149" count="3" type="stmt"/>
      <line num="151" count="17" type="stmt"/>
      <line num="155" count="1" type="stmt"/>
      <line num="159" count="2" type="stmt"/>
      <line num="160" count="2" type="stmt"/>
      <line num="161" count="2" type="stmt"/>
      <line num="162" count="2" type="stmt"/>
      <line num="163" count="2" type="stmt"/>
      <line num="164" count="2" type="stmt"/>
      <line num="165" count="2" type="stmt"/>
      <line num="166" count="2" type="stmt"/>
      <line num="170" count="3" type="stmt"/>
      <line num="178" count="1" type="stmt"/>
      <line num="182" count="1" type="stmt"/>
      <line num="186" count="3" type="cond" truecount="2" falsecount="0"/>
      <line num="187" count="1" type="stmt"/>
      <line num="189" count="2" type="cond" truecount="2" falsecount="0"/>
      <line num="190" count="1" type="stmt"/>
      <line num="192" count="1" type="stmt"/>
      <line num="196" count="2" type="stmt"/>
      <line num="200" count="1" type="stmt"/>
    </file>
    <file name="tools.js" path="C:\laragon\www\javascript-courses-quality-and-test-main\tools.js">
      <metrics statements="5" coveredstatements="5" conditionals="2" coveredconditionals="2" methods="2" coveredmethods="2"/>
      <line num="1" count="2" type="stmt"/>
      <line num="2" count="100" type="stmt"/>
      <line num="5" count="2" type="stmt"/>
      <line num="6" count="2" type="cond" truecount="2" falsecount="0"/>
      <line num="7" count="1" type="stmt"/>
    </file>
  </project>
</coverage>
