{"C:\\laragon\\www\\javascript-courses-quality-and-test-main\\database.js": {"path":"C:\\laragon\\www\\javascript-courses-quality-and-test-main\\database.js","statementMap":{"0":{"start":{"line":1,"column":16},"end":{"line":1,"column":44}},"1":{"start":{"line":2,"column":11},"end":{"line":2,"column":42}},"2":{"start":{"line":4,"column":0},"end":{"line":83,"column":3}},"3":{"start":{"line":6,"column":2},"end":{"line":40,"column":4}},"4":{"start":{"line":9,"column":6},"end":{"line":38,"column":7}},"5":{"start":{"line":10,"column":8},"end":{"line":10,"column":69}},"6":{"start":{"line":12,"column":8},"end":{"line":37,"column":9}},"7":{"start":{"line":13,"column":10},"end":{"line":20,"column":12}},"8":{"start":{"line":16,"column":14},"end":{"line":18,"column":15}},"9":{"start":{"line":17,"column":16},"end":{"line":17,"column":67}},"10":{"start":{"line":23,"column":10},"end":{"line":36,"column":13}},"11":{"start":{"line":24,"column":12},"end":{"line":35,"column":13}},"12":{"start":{"line":25,"column":14},"end":{"line":25,"column":65}},"13":{"start":{"line":27,"column":35},"end":{"line":27,"column":112}},"14":{"start":{"line":27,"column":84},"end":{"line":27,"column":111}},"15":{"start":{"line":28,"column":14},"end":{"line":34,"column":15}},"16":{"start":{"line":29,"column":16},"end":{"line":33,"column":19}},"17":{"start":{"line":30,"column":18},"end":{"line":32,"column":19}},"18":{"start":{"line":31,"column":20},"end":{"line":31,"column":73}},"19":{"start":{"line":43,"column":2},"end":{"line":61,"column":4}},"20":{"start":{"line":46,"column":6},"end":{"line":59,"column":7}},"21":{"start":{"line":47,"column":8},"end":{"line":47,"column":78}},"22":{"start":{"line":49,"column":8},"end":{"line":58,"column":9}},"23":{"start":{"line":50,"column":10},"end":{"line":57,"column":12}},"24":{"start":{"line":53,"column":14},"end":{"line":55,"column":15}},"25":{"start":{"line":54,"column":16},"end":{"line":54,"column":76}},"26":{"start":{"line":64,"column":2},"end":{"line":82,"column":3}},"27":{"start":{"line":67,"column":6},"end":{"line":80,"column":7}},"28":{"start":{"line":68,"column":8},"end":{"line":68,"column":70}},"29":{"start":{"line":70,"column":8},"end":{"line":79,"column":9}},"30":{"start":{"line":71,"column":10},"end":{"line":78,"column":12}},"31":{"start":{"line":74,"column":14},"end":{"line":76,"column":15}},"32":{"start":{"line":75,"column":16},"end":{"line":75,"column":68}},"33":{"start":{"line":85,"column":0},"end":{"line":85,"column":20}}},"fnMap":{"0":{"name":"(anonymous_0)","decl":{"start":{"line":4,"column":13},"end":{"line":4,"column":14}},"loc":{"start":{"line":4,"column":19},"end":{"line":83,"column":1}},"line":4},"1":{"name":"(anonymous_1)","decl":{"start":{"line":8,"column":4},"end":{"line":8,"column":5}},"loc":{"start":{"line":8,"column":21},"end":{"line":39,"column":5}},"line":8},"2":{"name":"(anonymous_2)","decl":{"start":{"line":15,"column":12},"end":{"line":15,"column":13}},"loc":{"start":{"line":15,"column":21},"end":{"line":19,"column":13}},"line":15},"3":{"name":"(anonymous_3)","decl":{"start":{"line":23,"column":46},"end":{"line":23,"column":47}},"loc":{"start":{"line":23,"column":64},"end":{"line":36,"column":11}},"line":23},"4":{"name":"(anonymous_4)","decl":{"start":{"line":27,"column":74},"end":{"line":27,"column":75}},"loc":{"start":{"line":27,"column":84},"end":{"line":27,"column":111}},"line":27},"5":{"name":"(anonymous_5)","decl":{"start":{"line":29,"column":71},"end":{"line":29,"column":72}},"loc":{"start":{"line":29,"column":80},"end":{"line":33,"column":17}},"line":29},"6":{"name":"(anonymous_6)","decl":{"start":{"line":45,"column":4},"end":{"line":45,"column":5}},"loc":{"start":{"line":45,"column":21},"end":{"line":60,"column":5}},"line":45},"7":{"name":"(anonymous_7)","decl":{"start":{"line":52,"column":12},"end":{"line":52,"column":13}},"loc":{"start":{"line":52,"column":21},"end":{"line":56,"column":13}},"line":52},"8":{"name":"(anonymous_8)","decl":{"start":{"line":66,"column":4},"end":{"line":66,"column":5}},"loc":{"start":{"line":66,"column":21},"end":{"line":81,"column":5}},"line":66},"9":{"name":"(anonymous_9)","decl":{"start":{"line":73,"column":12},"end":{"line":73,"column":13}},"loc":{"start":{"line":73,"column":21},"end":{"line":77,"column":13}},"line":73}},"branchMap":{"0":{"loc":{"start":{"line":9,"column":6},"end":{"line":38,"column":7}},"type":"if","locations":[{"start":{"line":9,"column":6},"end":{"line":38,"column":7}},{"start":{"line":11,"column":13},"end":{"line":38,"column":7}}],"line":9},"1":{"loc":{"start":{"line":12,"column":8},"end":{"line":37,"column":9}},"type":"if","locations":[{"start":{"line":12,"column":8},"end":{"line":37,"column":9}},{"start":{"line":21,"column":15},"end":{"line":37,"column":9}}],"line":12},"2":{"loc":{"start":{"line":16,"column":14},"end":{"line":18,"column":15}},"type":"if","locations":[{"start":{"line":16,"column":14},"end":{"line":18,"column":15}},{"start":{},"end":{}}],"line":16},"3":{"loc":{"start":{"line":24,"column":12},"end":{"line":35,"column":13}},"type":"if","locations":[{"start":{"line":24,"column":12},"end":{"line":35,"column":13}},{"start":{"line":26,"column":19},"end":{"line":35,"column":13}}],"line":24},"4":{"loc":{"start":{"line":27,"column":35},"end":{"line":27,"column":112}},"type":"binary-expr","locations":[{"start":{"line":27,"column":35},"end":{"line":27,"column":57}},{"start":{"line":27,"column":61},"end":{"line":27,"column":112}}],"line":27},"5":{"loc":{"start":{"line":28,"column":14},"end":{"line":34,"column":15}},"type":"if","locations":[{"start":{"line":28,"column":14},"end":{"line":34,"column":15}},{"start":{},"end":{}}],"line":28},"6":{"loc":{"start":{"line":30,"column":18},"end":{"line":32,"column":19}},"type":"if","locations":[{"start":{"line":30,"column":18},"end":{"line":32,"column":19}},{"start":{},"end":{}}],"line":30},"7":{"loc":{"start":{"line":46,"column":6},"end":{"line":59,"column":7}},"type":"if","locations":[{"start":{"line":46,"column":6},"end":{"line":59,"column":7}},{"start":{"line":48,"column":13},"end":{"line":59,"column":7}}],"line":46},"8":{"loc":{"start":{"line":49,"column":8},"end":{"line":58,"column":9}},"type":"if","locations":[{"start":{"line":49,"column":8},"end":{"line":58,"column":9}},{"start":{},"end":{}}],"line":49},"9":{"loc":{"start":{"line":53,"column":14},"end":{"line":55,"column":15}},"type":"if","locations":[{"start":{"line":53,"column":14},"end":{"line":55,"column":15}},{"start":{},"end":{}}],"line":53},"10":{"loc":{"start":{"line":67,"column":6},"end":{"line":80,"column":7}},"type":"if","locations":[{"start":{"line":67,"column":6},"end":{"line":80,"column":7}},{"start":{"line":69,"column":13},"end":{"line":80,"column":7}}],"line":67},"11":{"loc":{"start":{"line":70,"column":8},"end":{"line":79,"column":9}},"type":"if","locations":[{"start":{"line":70,"column":8},"end":{"line":79,"column":9}},{"start":{},"end":{}}],"line":70},"12":{"loc":{"start":{"line":74,"column":14},"end":{"line":76,"column":15}},"type":"if","locations":[{"start":{"line":74,"column":14},"end":{"line":76,"column":15}},{"start":{},"end":{}}],"line":74}},"s":{"0":1,"1":1,"2":1,"3":1,"4":1,"5":0,"6":1,"7":0,"8":0,"9":0,"10":1,"11":1,"12":0,"13":1,"14":4,"15":1,"16":0,"17":0,"18":0,"19":1,"20":1,"21":0,"22":1,"23":0,"24":0,"25":0,"26":1,"27":1,"28":0,"29":1,"30":0,"31":0,"32":0,"33":1},"f":{"0":1,"1":1,"2":0,"3":1,"4":4,"5":0,"6":1,"7":0,"8":1,"9":0},"b":{"0":[0,1],"1":[0,1],"2":[0,0],"3":[0,1],"4":[1,1],"5":[0,1],"6":[0,0],"7":[0,1],"8":[0,1],"9":[0,0],"10":[0,1],"11":[0,1],"12":[0,0]},"_coverageSchema":"1a1c01bbd47fc00a2c39e90264f33305004495a9","hash":"c436f0e448d88958c729abb78a67a5f911e1ee8f"}
,"C:\\laragon\\www\\javascript-courses-quality-and-test-main\\game.js": {"path":"C:\\laragon\\www\\javascript-courses-quality-and-test-main\\game.js","statementMap":{"0":{"start":{"line":1,"column":14},"end":{"line":1,"column":35}},"1":{"start":{"line":2,"column":12},"end":{"line":2,"column":33}},"2":{"start":{"line":3,"column":15},"end":{"line":3,"column":32}},"3":{"start":{"line":4,"column":11},"end":{"line":4,"column":24}},"4":{"start":{"line":5,"column":16},"end":{"line":5,"column":44}},"5":{"start":{"line":6,"column":11},"end":{"line":6,"column":35}},"6":{"start":{"line":10,"column":4},"end":{"line":10,"column":26}},"7":{"start":{"line":11,"column":4},"end":{"line":11,"column":25}},"8":{"start":{"line":12,"column":4},"end":{"line":12,"column":21}},"9":{"start":{"line":13,"column":4},"end":{"line":13,"column":27}},"10":{"start":{"line":14,"column":4},"end":{"line":14,"column":22}},"11":{"start":{"line":15,"column":4},"end":{"line":15,"column":26}},"12":{"start":{"line":16,"column":4},"end":{"line":16,"column":27}},"13":{"start":{"line":17,"column":4},"end":{"line":17,"column":32}},"14":{"start":{"line":18,"column":4},"end":{"line":18,"column":35}},"15":{"start":{"line":23,"column":4},"end":{"line":23,"column":27}},"16":{"start":{"line":26,"column":4},"end":{"line":28,"column":5}},"17":{"start":{"line":27,"column":6},"end":{"line":27,"column":60}},"18":{"start":{"line":31,"column":4},"end":{"line":31,"column":28}},"19":{"start":{"line":32,"column":4},"end":{"line":32,"column":24}},"20":{"start":{"line":36,"column":4},"end":{"line":48,"column":7}},"21":{"start":{"line":37,"column":6},"end":{"line":47,"column":29}},"22":{"start":{"line":40,"column":10},"end":{"line":40,"column":56}},"23":{"start":{"line":43,"column":10},"end":{"line":43,"column":57}},"24":{"start":{"line":45,"column":10},"end":{"line":45,"column":20}},"25":{"start":{"line":52,"column":4},"end":{"line":93,"column":7}},"26":{"start":{"line":53,"column":20},"end":{"line":53,"column":58}},"27":{"start":{"line":54,"column":6},"end":{"line":92,"column":8}},"28":{"start":{"line":58,"column":10},"end":{"line":60,"column":11}},"29":{"start":{"line":59,"column":12},"end":{"line":59,"column":31}},"30":{"start":{"line":61,"column":10},"end":{"line":90,"column":11}},"31":{"start":{"line":62,"column":12},"end":{"line":62,"column":33}},"32":{"start":{"line":63,"column":12},"end":{"line":63,"column":59}},"33":{"start":{"line":64,"column":12},"end":{"line":64,"column":22}},"34":{"start":{"line":66,"column":12},"end":{"line":89,"column":13}},"35":{"start":{"line":67,"column":14},"end":{"line":68,"column":78}},"36":{"start":{"line":69,"column":14},"end":{"line":75,"column":15}},"37":{"start":{"line":70,"column":16},"end":{"line":74,"column":18}},"38":{"start":{"line":76,"column":14},"end":{"line":76,"column":61}},"39":{"start":{"line":77,"column":14},"end":{"line":86,"column":16}},"40":{"start":{"line":81,"column":18},"end":{"line":83,"column":19}},"41":{"start":{"line":82,"column":20},"end":{"line":82,"column":39}},"42":{"start":{"line":84,"column":18},"end":{"line":84,"column":28}},"43":{"start":{"line":88,"column":14},"end":{"line":88,"column":77}},"44":{"start":{"line":97,"column":4},"end":{"line":97,"column":32}},"45":{"start":{"line":98,"column":4},"end":{"line":100,"column":13}},"46":{"start":{"line":99,"column":6},"end":{"line":99,"column":47}},"47":{"start":{"line":104,"column":4},"end":{"line":106,"column":5}},"48":{"start":{"line":105,"column":6},"end":{"line":105,"column":37}},"49":{"start":{"line":110,"column":4},"end":{"line":110,"column":43}},"50":{"start":{"line":111,"column":4},"end":{"line":111,"column":55}},"51":{"start":{"line":112,"column":4},"end":{"line":114,"column":5}},"52":{"start":{"line":113,"column":6},"end":{"line":113,"column":66}},"53":{"start":{"line":115,"column":4},"end":{"line":117,"column":5}},"54":{"start":{"line":116,"column":6},"end":{"line":116,"column":19}},"55":{"start":{"line":119,"column":4},"end":{"line":123,"column":5}},"56":{"start":{"line":120,"column":6},"end":{"line":122,"column":8}},"57":{"start":{"line":124,"column":4},"end":{"line":124,"column":40}},"58":{"start":{"line":125,"column":4},"end":{"line":125,"column":38}},"59":{"start":{"line":127,"column":4},"end":{"line":144,"column":5}},"60":{"start":{"line":128,"column":6},"end":{"line":128,"column":41}},"61":{"start":{"line":129,"column":6},"end":{"line":137,"column":7}},"62":{"start":{"line":129,"column":19},"end":{"line":129,"column":20}},"63":{"start":{"line":130,"column":8},"end":{"line":136,"column":9}},"64":{"start":{"line":132,"column":10},"end":{"line":135,"column":45}},"65":{"start":{"line":138,"column":6},"end":{"line":141,"column":7}},"66":{"start":{"line":139,"column":8},"end":{"line":139,"column":32}},"67":{"start":{"line":140,"column":8},"end":{"line":140,"column":27}},"68":{"start":{"line":142,"column":6},"end":{"line":142,"column":47}},"69":{"start":{"line":143,"column":6},"end":{"line":143,"column":18}},"70":{"start":{"line":145,"column":4},"end":{"line":145,"column":23}},"71":{"start":{"line":146,"column":4},"end":{"line":146,"column":46}},"72":{"start":{"line":147,"column":4},"end":{"line":150,"column":5}},"73":{"start":{"line":148,"column":6},"end":{"line":148,"column":31}},"74":{"start":{"line":149,"column":6},"end":{"line":149,"column":25}},"75":{"start":{"line":151,"column":4},"end":{"line":151,"column":17}},"76":{"start":{"line":155,"column":4},"end":{"line":155,"column":27}},"77":{"start":{"line":159,"column":4},"end":{"line":159,"column":23}},"78":{"start":{"line":160,"column":4},"end":{"line":160,"column":25}},"79":{"start":{"line":161,"column":4},"end":{"line":161,"column":22}},"80":{"start":{"line":162,"column":4},"end":{"line":162,"column":28}},"81":{"start":{"line":163,"column":4},"end":{"line":163,"column":32}},"82":{"start":{"line":164,"column":4},"end":{"line":164,"column":35}},"83":{"start":{"line":165,"column":4},"end":{"line":165,"column":24}},"84":{"start":{"line":166,"column":4},"end":{"line":166,"column":28}},"85":{"start":{"line":170,"column":4},"end":{"line":174,"column":6}},"86":{"start":{"line":178,"column":4},"end":{"line":178,"column":28}},"87":{"start":{"line":182,"column":4},"end":{"line":182,"column":22}},"88":{"start":{"line":186,"column":4},"end":{"line":188,"column":5}},"89":{"start":{"line":187,"column":6},"end":{"line":187,"column":19}},"90":{"start":{"line":189,"column":4},"end":{"line":191,"column":5}},"91":{"start":{"line":190,"column":6},"end":{"line":190,"column":20}},"92":{"start":{"line":192,"column":4},"end":{"line":192,"column":21}},"93":{"start":{"line":196,"column":4},"end":{"line":196,"column":53}},"94":{"start":{"line":200,"column":0},"end":{"line":200,"column":22}}},"fnMap":{"0":{"name":"(anonymous_0)","decl":{"start":{"line":9,"column":2},"end":{"line":9,"column":3}},"loc":{"start":{"line":9,"column":16},"end":{"line":19,"column":3}},"line":9},"1":{"name":"(anonymous_1)","decl":{"start":{"line":21,"column":2},"end":{"line":21,"column":3}},"loc":{"start":{"line":21,"column":20},"end":{"line":33,"column":3}},"line":21},"2":{"name":"(anonymous_2)","decl":{"start":{"line":35,"column":2},"end":{"line":35,"column":3}},"loc":{"start":{"line":35,"column":14},"end":{"line":49,"column":3}},"line":35},"3":{"name":"(anonymous_3)","decl":{"start":{"line":36,"column":23},"end":{"line":36,"column":24}},"loc":{"start":{"line":36,"column":44},"end":{"line":48,"column":5}},"line":36},"4":{"name":"(anonymous_4)","decl":{"start":{"line":39,"column":20},"end":{"line":39,"column":21}},"loc":{"start":{"line":39,"column":29},"end":{"line":41,"column":9}},"line":39},"5":{"name":"(anonymous_5)","decl":{"start":{"line":42,"column":19},"end":{"line":42,"column":20}},"loc":{"start":{"line":42,"column":25},"end":{"line":46,"column":9}},"line":42},"6":{"name":"(anonymous_6)","decl":{"start":{"line":51,"column":2},"end":{"line":51,"column":3}},"loc":{"start":{"line":51,"column":21},"end":{"line":94,"column":3}},"line":51},"7":{"name":"(anonymous_7)","decl":{"start":{"line":52,"column":23},"end":{"line":52,"column":24}},"loc":{"start":{"line":52,"column":44},"end":{"line":93,"column":5}},"line":52},"8":{"name":"(anonymous_8)","decl":{"start":{"line":57,"column":8},"end":{"line":57,"column":9}},"loc":{"start":{"line":57,"column":22},"end":{"line":91,"column":9}},"line":57},"9":{"name":"(anonymous_9)","decl":{"start":{"line":80,"column":16},"end":{"line":80,"column":17}},"loc":{"start":{"line":80,"column":25},"end":{"line":85,"column":17}},"line":80},"10":{"name":"(anonymous_10)","decl":{"start":{"line":96,"column":2},"end":{"line":96,"column":3}},"loc":{"start":{"line":96,"column":17},"end":{"line":101,"column":3}},"line":96},"11":{"name":"(anonymous_11)","decl":{"start":{"line":98,"column":34},"end":{"line":98,"column":35}},"loc":{"start":{"line":98,"column":40},"end":{"line":100,"column":5}},"line":98},"12":{"name":"(anonymous_12)","decl":{"start":{"line":103,"column":2},"end":{"line":103,"column":3}},"loc":{"start":{"line":103,"column":16},"end":{"line":107,"column":3}},"line":103},"13":{"name":"(anonymous_13)","decl":{"start":{"line":109,"column":2},"end":{"line":109,"column":3}},"loc":{"start":{"line":109,"column":19},"end":{"line":152,"column":3}},"line":109},"14":{"name":"(anonymous_14)","decl":{"start":{"line":154,"column":2},"end":{"line":154,"column":3}},"loc":{"start":{"line":154,"column":10},"end":{"line":156,"column":3}},"line":154},"15":{"name":"(anonymous_15)","decl":{"start":{"line":158,"column":2},"end":{"line":158,"column":3}},"loc":{"start":{"line":158,"column":16},"end":{"line":167,"column":3}},"line":158},"16":{"name":"(anonymous_16)","decl":{"start":{"line":169,"column":2},"end":{"line":169,"column":3}},"loc":{"start":{"line":169,"column":15},"end":{"line":175,"column":3}},"line":169},"17":{"name":"(anonymous_17)","decl":{"start":{"line":177,"column":2},"end":{"line":177,"column":3}},"loc":{"start":{"line":177,"column":21},"end":{"line":179,"column":3}},"line":177},"18":{"name":"(anonymous_18)","decl":{"start":{"line":181,"column":2},"end":{"line":181,"column":3}},"loc":{"start":{"line":181,"column":13},"end":{"line":183,"column":3}},"line":181},"19":{"name":"(anonymous_19)","decl":{"start":{"line":185,"column":2},"end":{"line":185,"column":3}},"loc":{"start":{"line":185,"column":18},"end":{"line":193,"column":3}},"line":185},"20":{"name":"(anonymous_20)","decl":{"start":{"line":195,"column":2},"end":{"line":195,"column":3}},"loc":{"start":{"line":195,"column":21},"end":{"line":197,"column":3}},"line":195}},"branchMap":{"0":{"loc":{"start":{"line":26,"column":4},"end":{"line":28,"column":5}},"type":"if","locations":[{"start":{"line":26,"column":4},"end":{"line":28,"column":5}},{"start":{},"end":{}}],"line":26},"1":{"loc":{"start":{"line":26,"column":8},"end":{"line":26,"column":58}},"type":"binary-expr","locations":[{"start":{"line":26,"column":8},"end":{"line":26,"column":25}},{"start":{"line":26,"column":29},"end":{"line":26,"column":58}}],"line":26},"2":{"loc":{"start":{"line":58,"column":10},"end":{"line":60,"column":11}},"type":"if","locations":[{"start":{"line":58,"column":10},"end":{"line":60,"column":11}},{"start":{},"end":{}}],"line":58},"3":{"loc":{"start":{"line":61,"column":10},"end":{"line":90,"column":11}},"type":"if","locations":[{"start":{"line":61,"column":10},"end":{"line":90,"column":11}},{"start":{"line":65,"column":17},"end":{"line":90,"column":11}}],"line":61},"4":{"loc":{"start":{"line":66,"column":12},"end":{"line":89,"column":13}},"type":"if","locations":[{"start":{"line":66,"column":12},"end":{"line":89,"column":13}},{"start":{"line":87,"column":19},"end":{"line":89,"column":13}}],"line":66},"5":{"loc":{"start":{"line":69,"column":14},"end":{"line":75,"column":15}},"type":"if","locations":[{"start":{"line":69,"column":14},"end":{"line":75,"column":15}},{"start":{},"end":{}}],"line":69},"6":{"loc":{"start":{"line":81,"column":18},"end":{"line":83,"column":19}},"type":"if","locations":[{"start":{"line":81,"column":18},"end":{"line":83,"column":19}},{"start":{},"end":{}}],"line":81},"7":{"loc":{"start":{"line":104,"column":4},"end":{"line":106,"column":5}},"type":"if","locations":[{"start":{"line":104,"column":4},"end":{"line":106,"column":5}},{"start":{},"end":{}}],"line":104},"8":{"loc":{"start":{"line":112,"column":4},"end":{"line":114,"column":5}},"type":"if","locations":[{"start":{"line":112,"column":4},"end":{"line":114,"column":5}},{"start":{},"end":{}}],"line":112},"9":{"loc":{"start":{"line":115,"column":4},"end":{"line":117,"column":5}},"type":"if","locations":[{"start":{"line":115,"column":4},"end":{"line":117,"column":5}},{"start":{},"end":{}}],"line":115},"10":{"loc":{"start":{"line":119,"column":4},"end":{"line":123,"column":5}},"type":"if","locations":[{"start":{"line":119,"column":4},"end":{"line":123,"column":5}},{"start":{},"end":{}}],"line":119},"11":{"loc":{"start":{"line":127,"column":4},"end":{"line":144,"column":5}},"type":"if","locations":[{"start":{"line":127,"column":4},"end":{"line":144,"column":5}},{"start":{},"end":{}}],"line":127},"12":{"loc":{"start":{"line":130,"column":8},"end":{"line":136,"column":9}},"type":"if","locations":[{"start":{"line":130,"column":8},"end":{"line":136,"column":9}},{"start":{},"end":{}}],"line":130},"13":{"loc":{"start":{"line":138,"column":6},"end":{"line":141,"column":7}},"type":"if","locations":[{"start":{"line":138,"column":6},"end":{"line":141,"column":7}},{"start":{},"end":{}}],"line":138},"14":{"loc":{"start":{"line":147,"column":4},"end":{"line":150,"column":5}},"type":"if","locations":[{"start":{"line":147,"column":4},"end":{"line":150,"column":5}},{"start":{},"end":{}}],"line":147},"15":{"loc":{"start":{"line":171,"column":6},"end":{"line":173,"column":22}},"type":"binary-expr","locations":[{"start":{"line":171,"column":6},"end":{"line":171,"column":27}},{"start":{"line":172,"column":6},"end":{"line":172,"column":36}},{"start":{"line":173,"column":6},"end":{"line":173,"column":22}}],"line":171},"16":{"loc":{"start":{"line":186,"column":4},"end":{"line":188,"column":5}},"type":"if","locations":[{"start":{"line":186,"column":4},"end":{"line":188,"column":5}},{"start":{},"end":{}}],"line":186},"17":{"loc":{"start":{"line":189,"column":4},"end":{"line":191,"column":5}},"type":"if","locations":[{"start":{"line":189,"column":4},"end":{"line":191,"column":5}},{"start":{},"end":{}}],"line":189}},"s":{"0":1,"1":1,"2":1,"3":1,"4":1,"5":1,"6":31,"7":31,"8":31,"9":31,"10":31,"11":31,"12":31,"13":31,"14":31,"15":23,"16":23,"17":1,"18":22,"19":20,"20":22,"21":22,"22":1734766,"23":22,"24":22,"25":34,"26":34,"27":34,"28":34,"29":3,"30":31,"31":1,"32":1,"33":1,"34":30,"35":28,"36":28,"37":3,"38":25,"39":25,"40":25,"41":1,"42":24,"43":2,"44":22,"45":22,"46":25,"47":39,"48":27,"49":37,"50":37,"51":37,"52":1,"53":36,"54":3,"55":33,"56":1,"57":32,"58":32,"59":32,"60":15,"61":15,"62":15,"63":75,"64":35,"65":15,"66":2,"67":2,"68":15,"69":15,"70":17,"71":17,"72":17,"73":3,"74":3,"75":17,"76":1,"77":2,"78":2,"79":2,"80":2,"81":2,"82":2,"83":2,"84":2,"85":3,"86":1,"87":1,"88":3,"89":1,"90":2,"91":1,"92":1,"93":2,"94":1},"f":{"0":31,"1":23,"2":22,"3":22,"4":1734766,"5":22,"6":34,"7":34,"8":34,"9":25,"10":22,"11":25,"12":39,"13":37,"14":1,"15":2,"16":3,"17":1,"18":1,"19":3,"20":2},"b":{"0":[1,22],"1":[23,23],"2":[3,31],"3":[1,30],"4":[28,2],"5":[3,25],"6":[1,24],"7":[27,12],"8":[1,36],"9":[3,33],"10":[1,32],"11":[15,17],"12":[35,40],"13":[2,13],"14":[3,14],"15":[3,2,1],"16":[1,2],"17":[1,1]},"_coverageSchema":"1a1c01bbd47fc00a2c39e90264f33305004495a9","hash":"639a7d5f2741f4ecfda1faa2d7c28d58d621d947"}
,"C:\\laragon\\www\\javascript-courses-quality-and-test-main\\tools.js": {"path":"C:\\laragon\\www\\javascript-courses-quality-and-test-main\\tools.js","statementMap":{"0":{"start":{"line":1,"column":0},"end":{"line":3,"column":1}},"1":{"start":{"line":2,"column":4},"end":{"line":2,"column":43}},"2":{"start":{"line":5,"column":0},"end":{"line":8,"column":1}},"3":{"start":{"line":6,"column":4},"end":{"line":6,"column":40}},"4":{"start":{"line":6,"column":29},"end":{"line":6,"column":40}},"5":{"start":{"line":7,"column":8},"end":{"line":7,"column":69}}},"fnMap":{"0":{"name":"(anonymous_0)","decl":{"start":{"line":1,"column":30},"end":{"line":1,"column":31}},"loc":{"start":{"line":1,"column":44},"end":{"line":3,"column":1}},"line":1},"1":{"name":"(anonymous_1)","decl":{"start":{"line":5,"column":27},"end":{"line":5,"column":28}},"loc":{"start":{"line":5,"column":52},"end":{"line":8,"column":1}},"line":5}},"branchMap":{"0":{"loc":{"start":{"line":6,"column":4},"end":{"line":6,"column":40}},"type":"if","locations":[{"start":{"line":6,"column":4},"end":{"line":6,"column":40}},{"start":{},"end":{}}],"line":6}},"s":{"0":2,"1":100,"2":2,"3":2,"4":1,"5":1},"f":{"0":100,"1":2},"b":{"0":[1,1]},"_coverageSchema":"1a1c01bbd47fc00a2c39e90264f33305004495a9","hash":"33234d4dfd8b220153077b1aa7314f41c5e14b5d"}
}
