TN:
SF:game.js
FN:9,(anonymous_0)
FN:21,(anonymous_1)
FN:35,(anonymous_2)
FN:36,(anonymous_3)
FN:39,(anonymous_4)
FN:42,(anonymous_5)
FN:51,(anonymous_6)
FN:52,(anonymous_7)
FN:57,(anonymous_8)
FN:80,(anonymous_9)
FN:96,(anonymous_10)
FN:98,(anonymous_11)
FN:103,(anonymous_12)
FN:109,(anonymous_13)
FN:154,(anonymous_14)
FN:158,(anonymous_15)
FN:169,(anonymous_16)
FN:177,(anonymous_17)
FN:181,(anonymous_18)
FN:185,(anonymous_19)
FN:195,(anonymous_20)
FNF:21
FNH:21
FNDA:31,(anonymous_0)
FNDA:23,(anonymous_1)
FNDA:22,(anonymous_2)
FNDA:22,(anonymous_3)
FNDA:1734766,(anonymous_4)
FNDA:22,(anonymous_5)
FNDA:34,(anonymous_6)
FNDA:34,(anonymous_7)
FNDA:34,(anonymous_8)
FNDA:25,(anonymous_9)
FNDA:22,(anonymous_10)
FNDA:25,(anonymous_11)
FNDA:39,(anonymous_12)
FNDA:37,(anonymous_13)
FNDA:1,(anonymous_14)
FNDA:2,(anonymous_15)
FNDA:3,(anonymous_16)
FNDA:1,(anonymous_17)
FNDA:1,(anonymous_18)
FNDA:3,(anonymous_19)
FNDA:2,(anonymous_20)
DA:1,1
DA:2,1
DA:3,1
DA:4,1
DA:5,1
DA:6,1
DA:10,31
DA:11,31
DA:12,31
DA:13,31
DA:14,31
DA:15,31
DA:16,31
DA:17,31
DA:18,31
DA:23,23
DA:26,23
DA:27,1
DA:31,22
DA:32,20
DA:36,22
DA:37,22
DA:40,1734766
DA:43,22
DA:45,22
DA:52,34
DA:53,34
DA:54,34
DA:58,34
DA:59,3
DA:61,31
DA:62,1
DA:63,1
DA:64,1
DA:66,30
DA:67,28
DA:69,28
DA:70,3
DA:76,25
DA:77,25
DA:81,25
DA:82,1
DA:84,24
DA:88,2
DA:97,22
DA:98,22
DA:99,25
DA:104,39
DA:105,27
DA:110,37
DA:111,37
DA:112,37
DA:113,1
DA:115,36
DA:116,3
DA:119,33
DA:120,1
DA:124,32
DA:125,32
DA:127,32
DA:128,15
DA:129,15
DA:130,75
DA:132,35
DA:138,15
DA:139,2
DA:140,2
DA:142,15
DA:143,15
DA:145,17
DA:146,17
DA:147,17
DA:148,3
DA:149,3
DA:151,17
DA:155,1
DA:159,2
DA:160,2
DA:161,2
DA:162,2
DA:163,2
DA:164,2
DA:165,2
DA:166,2
DA:170,3
DA:178,1
DA:182,1
DA:186,3
DA:187,1
DA:189,2
DA:190,1
DA:192,1
DA:196,2
DA:200,1
LF:94
LH:94
BRDA:26,0,0,1
BRDA:26,0,1,22
BRDA:26,1,0,23
BRDA:26,1,1,23
BRDA:58,2,0,3
BRDA:58,2,1,31
BRDA:61,3,0,1
BRDA:61,3,1,30
BRDA:66,4,0,28
BRDA:66,4,1,2
BRDA:69,5,0,3
BRDA:69,5,1,25
BRDA:81,6,0,1
BRDA:81,6,1,24
BRDA:104,7,0,27
BRDA:104,7,1,12
BRDA:112,8,0,1
BRDA:112,8,1,36
BRDA:115,9,0,3
BRDA:115,9,1,33
BRDA:119,10,0,1
BRDA:119,10,1,32
BRDA:127,11,0,15
BRDA:127,11,1,17
BRDA:130,12,0,35
BRDA:130,12,1,40
BRDA:138,13,0,2
BRDA:138,13,1,13
BRDA:147,14,0,3
BRDA:147,14,1,14
BRDA:171,15,0,3
BRDA:171,15,1,2
BRDA:171,15,2,1
BRDA:186,16,0,1
BRDA:186,16,1,2
BRDA:189,17,0,1
BRDA:189,17,1,1
BRF:37
BRH:37
end_of_record
TN:
SF:tools.js
FN:1,(anonymous_0)
FN:5,(anonymous_1)
FNF:2
FNH:2
FNDA:100,(anonymous_0)
FNDA:2,(anonymous_1)
DA:1,2
DA:2,100
DA:5,2
DA:6,2
DA:7,1
LF:5
LH:5
BRDA:6,0,0,1
BRDA:6,0,1,1
BRF:2
BRH:2
end_of_record
